1523825767,0,"(DG_Logger::purgeExpiredEntries) Beginning scheduled log file purge."
1523825909,0,"(DG_Thumb::initThumbs) Populating thumbnail cache."
1523825909,0,"(DocumentGallery::doShortcode) Generation Time: 0.32 s"
1523826003,0,"(DG_Thumb::initThumbs) Populating thumbnail cache."
1523826003,0,"(DocumentGallery::doShortcode) Generation Time: 0.01 s"
1523826003,0,"(DG_Thumb::initThumbs) Populating thumbnail cache."
1523826003,0,"(DocumentGallery::doShortcode) Generation Time: 0.04 s"
1523826031,0,"(DG_Thumb::initThumbs) Populating thumbnail cache."
1523826031,0,"(DocumentGallery::doShortcode) Generation Time: 0.01 s"
1523826031,0,"(DG_Thumb::initThumbs) Populating thumbnail cache."
1523826031,0,"(DocumentGallery::doShortcode) Generation Time: 0.08 s"
1523826129,0,"(DG_Thumb::initThumbs) Populating thumbnail cache."
1523827362,0,"(DG_Thumb::initThumbs) Populating thumbnail cache."
1523827362,0,"(DocumentGallery::doShortcode) Generation Time: 0.23 s"
1523827362,0,"(DocumentGallery::doShortcode) Generation Time: 0.07 s"
1523827364,0,"(DG_Thumb::initThumbs) Populating thumbnail cache."
1523827364,0,"(DG_Thumber::getThumbers) Thumbnail Generators: DG_AudioVideoThumber"
1523827364,0,"(DG_Thumb->save) Saving thumb with post_id = 80"
1523827364,0,"(DG_Thumb->save) Saving thumb with post_id = 70"
1523827364,0,"(DG_Thumb->save) Saving thumb with post_id = 69"
1523827392,0,"(DG_Thumb::initThumbs) Populating thumbnail cache."
1523827392,0,"(DocumentGallery::doShortcode) Generation Time: 0.03 s"
1523827393,0,"(DocumentGallery::doShortcode) Generation Time: 0.09 s"
1523827404,0,"(DG_Thumb::initThumbs) Populating thumbnail cache."
1523827404,0,"(DocumentGallery::doShortcode) Generation Time: 0.03 s"
1523827404,0,"(DocumentGallery::doShortcode) Generation Time: 0.01 s"
1523827410,0,"(DG_Thumb::initThumbs) Populating thumbnail cache."
1523827410,0,"(DocumentGallery::doShortcode) Generation Time: 0.15 s"
1523827410,0,"(DocumentGallery::doShortcode) Generation Time: 0.02 s"
1523852988,0,"(DG_Thumb::initThumbs) Populating thumbnail cache."
1523852988,0,"(DocumentGallery::doShortcode) Generation Time: 0.22 s"
1523852988,0,"(DocumentGallery::doShortcode) Generation Time: 0.04 s"
1523912174,0,"(DG_Logger::purgeExpiredEntries) Beginning scheduled log file purge."
1524000691,0,"(DG_Logger::purgeExpiredEntries) Beginning scheduled log file purge."
1524001789,0,"(DG_Thumb::initThumbs) Populating thumbnail cache."
1524001789,0,"(DocumentGallery::doShortcode) Generation Time: 0.70 s"
1524001789,0,"(DocumentGallery::doShortcode) Generation Time: 0.61 s"
1524001800,0,"(DG_Thumb::initThumbs) Populating thumbnail cache."
1524001800,0,"(DocumentGallery::doShortcode) Generation Time: 0.05 s"
1524001800,0,"(DocumentGallery::doShortcode) Generation Time: 0.05 s"
1524046771,0,"(DG_Thumb::initThumbs) Populating thumbnail cache."
1524046771,0,"(DocumentGallery::doShortcode) Generation Time: 0.78 s"
1524046771,0,"(DocumentGallery::doShortcode) Generation Time: 0.16 s"
1524046846,0,"(DG_Thumb::initThumbs) Populating thumbnail cache."
1524046846,0,"(DocumentGallery::doShortcode) Generation Time: 0.16 s"
1524046846,0,"(DocumentGallery::doShortcode) Generation Time: 0.25 s"
1524046875,0,"(DG_Thumb::initThumbs) Populating thumbnail cache."
1524046875,0,"(DocumentGallery::doShortcode) Generation Time: 0.21 s"
1524046875,0,"(DocumentGallery::doShortcode) Generation Time: 0.12 s"
1524063184,0,"(DG_Thumb::initThumbs) Populating thumbnail cache."
1524063184,0,"(DocumentGallery::doShortcode) Generation Time: 0.07 s"
1524063184,0,"(DocumentGallery::doShortcode) Generation Time: 0.14 s"
1524066051,0,"(DG_Thumb::initThumbs) Populating thumbnail cache."
1524066051,0,"(DocumentGallery::doShortcode) Generation Time: 0.30 s"
1524066052,0,"(DocumentGallery::doShortcode) Generation Time: 0.36 s"
1524084965,0,"(DG_Logger::purgeExpiredEntries) Beginning scheduled log file purge."
1524171592,0,"(DG_Logger::purgeExpiredEntries) Beginning scheduled log file purge."
1524171999,0,"(DG_Thumb::initThumbs) Populating thumbnail cache."
1524171999,0,"(DocumentGallery::doShortcode) Generation Time: 0.33 s"
1524171999,0,"(DocumentGallery::doShortcode) Generation Time: 0.07 s"
1524171999,0,"(DG_Thumb::initThumbs) Populating thumbnail cache."
1524171999,0,"(DocumentGallery::doShortcode) Generation Time: 0.03 s"
1524172000,0,"(DG_Thumb::initThumbs) Populating thumbnail cache."
1524172000,0,"(DocumentGallery::doShortcode) Generation Time: 0.04 s"
1524172306,0,"(DG_Thumb::initThumbs) Populating thumbnail cache."
1524172306,0,"(DocumentGallery::doShortcode) Generation Time: 0.01 s"
1524172316,0,"(DG_Thumb::initThumbs) Populating thumbnail cache."
1524172316,0,"(DocumentGallery::doShortcode) Generation Time: 0.01 s"
1524172317,0,"(DG_Thumb::initThumbs) Populating thumbnail cache."
1524172317,0,"(DocumentGallery::doShortcode) Generation Time: 0.03 s"
